Content-Type: multipart/alternative;
 boundary="===============3269566976831713123=="
MIME-Version: 1.0
Subject: 
 =?utf-8?b?0J3QvtCy0YvQuSDQvtGC0LrQu9C40Log0L3QsCDQstCw0YjQtSDQvtCx0YrRj9Cy?=
 =?utf-8?b?0LvQtdC90LjQtTogc2JzZGJkc2JqYmI=?=
From: appsndmail@yandex.ru
To: admin@games.com
Date: Thu, 06 Jul 2023 06:27:41 -0000
Message-ID: <168862486177.12984.7466022221492248989@Acer>

--===============3269566976831713123==
Content-Type: text/html; charset="utf-8"
MIME-Version: 1.0
Content-Transfer-Encoding: 8bit

<!DOCTYPE html>
<html lang="en">
<head>
    <meta charset="UTF-8">
    <meta name="viewport" content="width=device-width, initial-scale=1.0">
    <title>Новый отклик</title>
</head>
<body>
    <h2>Здравствуй, alfreerj!</h2>
    Новый отклик на ваше объявление <a href="http://127.0.0.1:8000/advertisements/15">sbsdbdsbjbb</a>:
    <p> Jnrkfdjkdjs ksjdk skjdks  223355 </p>
    Перейти к <a href="http://127.0.0.1:8000/advertisements/profile?advert=15">откликам</a>: на объявление sbsdbdsbjbb.
</body>
</html>
--===============3269566976831713123==--

-------------------------------------------------------------------------------
